<?xml version="1.0" encoding="UTF-8"?>
<testng-results ignored="0" total="1" passed="1" failed="0" skipped="0">
  <reporter-output>
  </reporter-output>
  <suite started-at="2022-06-08T16:04:32 IST" name="Default suite" finished-at="2022-06-08T16:04:37 IST" duration-ms="4915">
    <groups>
    </groups>
    <test started-at="2022-06-08T16:04:32 IST" name="Default test" finished-at="2022-06-08T16:04:37 IST" duration-ms="4915">
      <class name="Test.googlesearch">
        <test-method is-config="true" signature="initialize()[pri:0, instance:Test.googlesearch@cad498c]" started-at="2022-06-08T16:04:32 IST" name="initialize" finished-at="2022-06-08T16:04:37 IST" duration-ms="4539" status="PASS">
          <reporter-output>
          </reporter-output>
        </test-method> <!-- initialize -->
        <test-method signature="search()[pri:0, instance:Test.googlesearch@cad498c]" started-at="2022-06-08T16:04:37 IST" name="search" finished-at="2022-06-08T16:04:37 IST" duration-ms="270" status="PASS">
          <reporter-output>
          </reporter-output>
        </test-method> <!-- search -->
      </class> <!-- Test.googlesearch -->
    </test> <!-- Default test -->
  </suite> <!-- Default suite -->
</testng-results>
