<?xml version="1.0" encoding="UTF-8"?>
<testng-results ignored="0" total="1" passed="1" failed="0" skipped="0">
  <reporter-output>
  </reporter-output>
  <suite started-at="2022-07-15T10:31:51 IST" name="Default suite" finished-at="2022-07-15T10:31:58 IST" duration-ms="7352">
    <groups>
    </groups>
    <test started-at="2022-07-15T10:31:51 IST" name="Default test" finished-at="2022-07-15T10:31:58 IST" duration-ms="7352">
      <class name="TestNG_sample_codes.AmazonSearch">
        <test-method is-config="true" signature="Browsersetup()[pri:0, instance:TestNG_sample_codes.AmazonSearch@54a7079e]" started-at="2022-07-15T10:31:51 IST" name="Browsersetup" finished-at="2022-07-15T10:31:55 IST" duration-ms="4473" status="PASS">
          <reporter-output>
          </reporter-output>
        </test-method> <!-- Browsersetup -->
        <test-method signature="SearchProduct()[pri:0, instance:TestNG_sample_codes.AmazonSearch@54a7079e]" started-at="2022-07-15T10:31:55 IST" name="SearchProduct" finished-at="2022-07-15T10:31:58 IST" duration-ms="2835" status="PASS">
          <reporter-output>
          </reporter-output>
        </test-method> <!-- SearchProduct -->
      </class> <!-- TestNG_sample_codes.AmazonSearch -->
    </test> <!-- Default test -->
  </suite> <!-- Default suite -->
</testng-results>
